<?xml version="1.0" encoding="UTF-8"?>
<robot generator="Robot 7.3.2 (Python 3.12.9 on darwin)" generated="2025-08-11T20:53:45.765695" rpa="false" schemaversion="5">
<suite id="s1" name="Add Multiple Items To Cart" source="/Volumes/WhiteSpace/sources-work/robot-framework-material/practice_robot/add_multiple_items_to_cart/add_multiple_items_to_cart.robot">
<test id="s1-t1" name="Add Multiple Items To Cart" line="16">
<kw name="Open Browser" owner="SeleniumLibrary">
<msg time="2025-08-11T20:53:45.924359" level="INFO">Opening browser 'chrome' to base url 'https://demoblaze.com/'.</msg>
<arg>${URL}</arg>
<arg>${BROWSER}</arg>
<doc>Opens a new browser instance to the optional ``url``.</doc>
<status status="PASS" start="2025-08-11T20:53:45.924243" elapsed="12.735600"/>
</kw>
<for flavor="IN">
<iter>
<kw name="Wait Until Element Is Visible" owner="SeleniumLibrary">
<arg>css=#tbodyid &gt; div:nth-child(${index}) &gt; div &gt; div &gt; h4 &gt; a</arg>
<arg>5s</arg>
<doc>Waits until the element ``locator`` is visible.</doc>
<status status="NOT RUN" start="2025-08-11T20:53:58.661637" elapsed="0.000032"/>
</kw>
<kw name="Click Element" owner="SeleniumLibrary">
<arg>css=#tbodyid &gt; div:nth-child(${index}) &gt; div &gt; div &gt; h4 &gt; a</arg>
<doc>Click the element identified by ``locator``.</doc>
<status status="NOT RUN" start="2025-08-11T20:53:58.661744" elapsed="0.000014"/>
</kw>
<kw name="Wait Until Element Is Visible" owner="SeleniumLibrary">
<arg>css=#tbodyid &gt; div.row &gt; div &gt; a</arg>
<arg>5s</arg>
<doc>Waits until the element ``locator`` is visible.</doc>
<status status="NOT RUN" start="2025-08-11T20:53:58.661798" elapsed="0.000011"/>
</kw>
<kw name="Click Element" owner="SeleniumLibrary">
<arg>css=#tbodyid &gt; div.row &gt; div &gt; a</arg>
<doc>Click the element identified by ``locator``.</doc>
<status status="NOT RUN" start="2025-08-11T20:53:58.661845" elapsed="0.000011"/>
</kw>
<kw name="Alert Should Be Present" owner="SeleniumLibrary">
<arg>action=Accept</arg>
<doc>Verifies that an alert is present and by default, accepts it.</doc>
<status status="NOT RUN" start="2025-08-11T20:53:58.661954" elapsed="0.000018"/>
</kw>
<kw name="Go To" owner="SeleniumLibrary">
<arg>${URL}</arg>
<doc>Navigates the current browser window to the provided ``url``.</doc>
<status status="NOT RUN" start="2025-08-11T20:53:58.662020" elapsed="0.000011"/>
</kw>
<var name="${index}"/>
<status status="NOT RUN" start="2025-08-11T20:53:58.661437" elapsed="0.000610"/>
</iter>
<msg time="2025-08-11T20:53:58.662087" level="FAIL">Variable '@{PRODUCT INDICES}' not found.</msg>
<var>${index}</var>
<value>@{PRODUCT INDICES}</value>
<status status="FAIL" start="2025-08-11T20:53:58.660357" elapsed="0.001767">Variable '@{PRODUCT INDICES}' not found.</status>
</for>
<status status="FAIL" start="2025-08-11T20:53:45.923803" elapsed="12.738571">Variable '@{PRODUCT INDICES}' not found.</status>
</test>
<status status="FAIL" start="2025-08-11T20:53:45.766887" elapsed="12.895753"/>
</suite>
<statistics>
<total>
<stat pass="0" fail="1" skip="0">All Tests</stat>
</total>
<tag>
</tag>
<suite>
<stat name="Add Multiple Items To Cart" id="s1" pass="0" fail="1" skip="0">Add Multiple Items To Cart</stat>
</suite>
</statistics>
<errors>
</errors>
</robot>
