<?xml version="1.0" encoding="UTF-8"?>
<robot generator="Robot 7.2.2 (Python 3.13.2 on win32)" generated="2025-05-15T09:14:10.057718" rpa="false" schemaversion="5">
<suite id="s1" name="Dummy Api" source="D:\projects\robot-demo\dummy_api">
<suite id="s1-s1" name="Update Cart" source="D:\projects\robot-demo\dummy_api\update_cart">
<suite id="s1-s1-s1" name="Update Cart Test" source="D:\projects\robot-demo\dummy_api\update_cart\update_cart_test.robot">
<test id="s1-s1-s1-t1" name="Update Cart" line="21">
<kw name="Create Session" owner="RequestsLibrary">
<msg time="2025-05-15T09:14:10.493983" level="INFO">Creating Session using : alias=dummy, url=https://dummyjson.com, headers={},                     cookies={}, auth=None, timeout=None, proxies=None, verify=False,                     debug=0 </msg>
<arg>dummy</arg>
<arg>${BASE_URL}</arg>
<doc>Create Session: create a HTTP session to a server</doc>
<status status="PASS" start="2025-05-15T09:14:10.493542" elapsed="0.000673"/>
</kw>
<kw name="Evaluate" owner="BuiltIn">
<msg time="2025-05-15T09:14:10.495099" level="INFO">${payload} = {'products': [{'id': 1, 'quantity': 5}]}</msg>
<var>${payload}</var>
<arg>{"products": [{"id": ${ID}, "quantity": ${QUANTITY}}]}</arg>
<doc>Evaluates the given expression in Python and returns the result.</doc>
<status status="PASS" start="2025-05-15T09:14:10.494786" elapsed="0.000405"/>
</kw>
<kw name="PATCH On Session" owner="RequestsLibrary">
<msg time="2025-05-15T09:14:10.976989" level="INFO">PATCH Request : url=https://dummyjson.com/carts/1 
 path_url=/carts/1 
 headers={'User-Agent': 'python-requests/2.32.3', 'Accept-Encoding': 'gzip, deflate', 'Accept': '*/*', 'Connection': 'keep-alive', 'Content-Length': '40', 'Content-Type': 'application/json'} 
 body=b'{"products": [{"id": 1, "quantity": 5}]}' 
 </msg>
<msg time="2025-05-15T09:14:10.977609" level="INFO">PATCH Response : url=https://dummyjson.com/carts/1 
 status=200, reason=OK 
 headers={'Access-Control-Allow-Origin': '*', 'Content-Length': '348', 'Content-Type': 'application/json; charset=utf-8', 'Date': 'Thu, 15 May 2025 02:14:10 GMT', 'Etag': 'W/"15c-LUqMZHxwmTQ7Jl09vuw+jqXTyYo"', 'Server': 'railway-edge', 'Strict-Transport-Security': 'max-age=15552000; includeSubDomains', 'Vary': 'Accept-Encoding', 'X-Content-Type-Options': 'nosniff', 'X-Dns-Prefetch-Control': 'off', 'X-Download-Options': 'noopen', 'X-Frame-Options': 'SAMEORIGIN', 'X-Powered-By': 'Cats on Keyboards', 'X-Railway-Edge': 'railway/asia-southeast1-eqsg3a', 'X-Railway-Request-Id': 'XAiO73X6Q1WhZctuacI7Nw', 'X-Ratelimit-Limit': '100', 'X-Ratelimit-Remaining': '99', 'X-Ratelimit-Reset': '1747275254', 'X-Xss-Protection': '1; mode=block'} 
 body={"id":1,"products":[{"id":1,"title":"Essence Mascara Lash Princess","price":9.99,"quantity":5,"total":49.95,"discountPercentage":10.48,"discountedPrice":45,"thumbnail":"https://cdn.dummyjson.com/product-images/beauty/essence-mascara-lash-princess/thumbnail.webp"}],"total":49.95,"discountedTotal":45,"userId":33,"totalProducts":1,"totalQuantity":5} 
 </msg>
<msg time="2025-05-15T09:14:10.978147" level="INFO">C:\Python313\Lib\site-packages\urllib3\connectionpool.py:1097: InsecureRequestWarning: Unverified HTTPS request is being made to host 'dummyjson.com'. Adding certificate verification is strongly advised. See: https://urllib3.readthedocs.io/en/latest/advanced-usage.html#tls-warnings
  warnings.warn(</msg>
<msg time="2025-05-15T09:14:10.979241" level="INFO">${response} = &lt;Response [200]&gt;</msg>
<var>${response}</var>
<arg>dummy</arg>
<arg>/carts/1</arg>
<arg>json=${payload}</arg>
<doc>Sends a PATCH request on a previously created HTTP Session.</doc>
<status status="PASS" start="2025-05-15T09:14:10.495364" elapsed="0.484143"/>
</kw>
<kw name="Status Should Be" owner="RequestsLibrary">
<arg>200</arg>
<arg>${response}</arg>
<doc>Fails if response status code is different than the expected.</doc>
<status status="PASS" start="2025-05-15T09:14:10.979936" elapsed="0.000940"/>
</kw>
<kw name="Evaluate" owner="BuiltIn">
<msg time="2025-05-15T09:14:10.982645" level="INFO">${updated_quantity} = 5</msg>
<var>${updated_quantity}</var>
<arg>json.loads("""${response.content}""")["products"][0]["quantity"]</arg>
<arg>modules=json</arg>
<doc>Evaluates the given expression in Python and returns the result.</doc>
<status status="PASS" start="2025-05-15T09:14:10.981516" elapsed="0.001513"/>
</kw>
<kw name="Should Be Equal As Strings" owner="BuiltIn">
<msg time="2025-05-15T09:14:10.983901" level="INFO">Argument types are:
&lt;class 'int'&gt;
&lt;class 'str'&gt;</msg>
<arg>${updated_quantity}</arg>
<arg>${QUANTITY}</arg>
<doc>Fails if objects are unequal after converting them to strings.</doc>
<status status="PASS" start="2025-05-15T09:14:10.983485" elapsed="0.000621"/>
</kw>
<kw name="Delete All Sessions" owner="RequestsLibrary" type="TEARDOWN">
<msg time="2025-05-15T09:14:10.984845" level="INFO">Deleting All Sessions</msg>
<doc>Removes all the session objects</doc>
<status status="PASS" start="2025-05-15T09:14:10.984584" elapsed="0.000457"/>
</kw>
<status status="PASS" start="2025-05-15T09:14:10.492595" elapsed="0.492845"/>
</test>
<status status="PASS" start="2025-05-15T09:14:10.095911" elapsed="0.890556"/>
</suite>
<status status="PASS" start="2025-05-15T09:14:10.093707" elapsed="0.893862"/>
</suite>
<status status="PASS" start="2025-05-15T09:14:10.074707" elapsed="0.913675"/>
</suite>
<statistics>
<total>
<stat pass="1" fail="0" skip="0">All Tests</stat>
</total>
<tag>
</tag>
<suite>
<stat name="Dummy Api" id="s1" pass="1" fail="0" skip="0">Dummy Api</stat>
<stat name="Update Cart" id="s1-s1" pass="1" fail="0" skip="0">Dummy Api.Update Cart</stat>
<stat name="Update Cart Test" id="s1-s1-s1" pass="1" fail="0" skip="0">Dummy Api.Update Cart.Update Cart Test</stat>
</suite>
</statistics>
<errors>
</errors>
</robot>
