<?xml version="1.0" encoding="UTF-8"?>
<robot generator="Robot 7.3 (Python 3.12.5 on win32)" generated="2025-08-10T01:46:43.013835" rpa="false" schemaversion="5">
<suite id="s1" name="Robot-Framework-Material" source="D:\sources-work\robot-framework-material">
<suite id="s1-s1" name="Practice Robot" source="D:\sources-work\robot-framework-material\practice_robot">
<suite id="s1-s1-s1" name="Signin" source="D:\sources-work\robot-framework-material\practice_robot\signin">
<suite id="s1-s1-s1-s1" name="Login Test" source="D:\sources-work\robot-framework-material\practice_robot\signin\login_test.robot">
<test id="s1-s1-s1-s1-t1" name="Valid Login Should Succeed" line="16">
<kw name="Open Browser" owner="SeleniumLibrary">
<msg time="2025-08-10T01:46:43.339738" level="INFO">Opening browser 'chrome' to base url 'https://demoblaze.com/'.</msg>
<arg>${URL}</arg>
<arg>${BROWSER}</arg>
<doc>Opens a new browser instance to the optional ``url``.</doc>
<status status="PASS" start="2025-08-10T01:46:43.338737" elapsed="2.404547"/>
</kw>
<kw name="Click Element" owner="SeleniumLibrary">
<msg time="2025-08-10T01:46:45.744283" level="INFO">Clicking element 'xpath=//*[@id="login2"]'.</msg>
<arg>xpath=//*[@id="login2"]</arg>
<doc>Click the element identified by ``locator``.</doc>
<status status="PASS" start="2025-08-10T01:46:45.744283" elapsed="0.059470"/>
</kw>
<kw name="Wait Until Element Is Visible" owner="SeleniumLibrary">
<arg>xpath=//*[@id="logInModal"]</arg>
<arg>5s</arg>
<doc>Waits until the element ``locator`` is visible.</doc>
<status status="PASS" start="2025-08-10T01:46:45.803753" elapsed="0.229689"/>
</kw>
<kw name="Input Text" owner="SeleniumLibrary">
<msg time="2025-08-10T01:46:46.034441" level="INFO">Typing text 'abce1@mail.com' into text field 'xpath=//*[@id="loginusername"]'.</msg>
<arg>xpath=//*[@id="loginusername"]</arg>
<arg>${username}</arg>
<doc>Types the given ``text`` into the text field identified by ``locator``.</doc>
<status status="PASS" start="2025-08-10T01:46:46.033442" elapsed="0.109712"/>
</kw>
<kw name="Input Text" owner="SeleniumLibrary">
<msg time="2025-08-10T01:46:46.144659" level="INFO">Typing text 'Pass1' into text field 'xpath=//*[@id="loginpassword"]'.</msg>
<arg>xpath=//*[@id="loginpassword"]</arg>
<arg>${pass}</arg>
<doc>Types the given ``text`` into the text field identified by ``locator``.</doc>
<status status="PASS" start="2025-08-10T01:46:46.143154" elapsed="0.151425"/>
</kw>
<kw name="Click Element" owner="SeleniumLibrary">
<msg time="2025-08-10T01:46:46.296812" level="INFO">Clicking element 'css=body.modal-open &gt; div#logInModal.modal.fade.show &gt; div.modal-dialog &gt; div.modal-content &gt; div.modal-footer &gt; button.btn-primary'.</msg>
<arg>css=body.modal-open &gt; div#logInModal.modal.fade.show &gt; div.modal-dialog &gt; div.modal-content &gt; div.modal-footer &gt; button.btn-primary</arg>
<doc>Click the element identified by ``locator``.</doc>
<status status="PASS" start="2025-08-10T01:46:46.295795" elapsed="0.057979"/>
</kw>
<kw name="Wait Until Element Is Visible" owner="SeleniumLibrary">
<arg>xpath=//*[@id="nameofuser"]</arg>
<arg>3s</arg>
<doc>Waits until the element ``locator`` is visible.</doc>
<status status="PASS" start="2025-08-10T01:46:46.353774" elapsed="1.624205"/>
</kw>
<kw name="Page Should Contain Element" owner="SeleniumLibrary">
<msg time="2025-08-10T01:46:47.984027" level="INFO">Current page contains element 'xpath=//*[@id="nameofuser"]'.</msg>
<arg>xpath=//*[@id="nameofuser"]</arg>
<doc>Verifies that element ``locator`` is found on the current page.</doc>
<status status="PASS" start="2025-08-10T01:46:47.977979" elapsed="0.006048"/>
</kw>
<status status="PASS" start="2025-08-10T01:46:43.335357" elapsed="4.648670"/>
</test>
<test id="s1-s1-s1-s1-t2" name="Valid List Categories" line="32">
<kw name="Get WebElements" owner="SeleniumLibrary">
<msg time="2025-08-10T01:46:47.999145" level="INFO">${elements_cate} = []</msg>
<var>${elements_cate}</var>
<arg>css=body &gt; div#contcount.container &gt; div.row &gt; div.col-lg-3 &gt; div.list-group</arg>
<doc>Returns a list of WebElement objects matching the ``locator``.</doc>
<status status="PASS" start="2025-08-10T01:46:47.990664" elapsed="0.008481"/>
</kw>
<kw name="Log" owner="BuiltIn">
<msg time="2025-08-10T01:46:47.999145" level="INFO">Element categories: []</msg>
<arg>Element categories: ${elements_cate}</arg>
<doc>Logs the given message with the given level.</doc>
<status status="PASS" start="2025-08-10T01:46:47.999145" elapsed="0.000000"/>
</kw>
<for flavor="IN">
<iter>
<kw name="Log" owner="BuiltIn">
<arg>Found: ${element}</arg>
<doc>Logs the given message with the given level.</doc>
<status status="NOT RUN" start="2025-08-10T01:46:48.000650" elapsed="0.000000"/>
</kw>
<kw name="Click Element" owner="SeleniumLibrary">
<arg>${element}</arg>
<doc>Click the element identified by ``locator``.</doc>
<status status="NOT RUN" start="2025-08-10T01:46:48.000650" elapsed="0.000000"/>
</kw>
<kw name="Sleep" owner="BuiltIn">
<arg>5s</arg>
<doc>Pauses the test executed for the given time.</doc>
<status status="NOT RUN" start="2025-08-10T01:46:48.002209" elapsed="0.000000"/>
</kw>
<var name="${element}"/>
<status status="NOT RUN" start="2025-08-10T01:46:48.000650" elapsed="0.001559"/>
</iter>
<var>${element}</var>
<value>@{elements_cate}</value>
<status status="NOT RUN" start="2025-08-10T01:46:48.000650" elapsed="0.001559"/>
</for>
<status status="PASS" start="2025-08-10T01:46:47.988157" elapsed="0.014052"/>
</test>
<status status="PASS" start="2025-08-10T01:46:43.057703" elapsed="4.947513"/>
</suite>
<status status="PASS" start="2025-08-10T01:46:43.052704" elapsed="4.956668"/>
</suite>
<status status="PASS" start="2025-08-10T01:46:43.044924" elapsed="4.968126"/>
</suite>
<status status="PASS" start="2025-08-10T01:46:43.022362" elapsed="4.995722"/>
</suite>
<statistics>
<total>
<stat pass="2" fail="0" skip="0">All Tests</stat>
</total>
<tag>
</tag>
<suite>
<stat name="Robot-Framework-Material" id="s1" pass="2" fail="0" skip="0">Robot-Framework-Material</stat>
<stat name="Practice Robot" id="s1-s1" pass="2" fail="0" skip="0">Robot-Framework-Material.Practice Robot</stat>
<stat name="Signin" id="s1-s1-s1" pass="2" fail="0" skip="0">Robot-Framework-Material.Practice Robot.Signin</stat>
<stat name="Login Test" id="s1-s1-s1-s1" pass="2" fail="0" skip="0">Robot-Framework-Material.Practice Robot.Signin.Login Test</stat>
</suite>
</statistics>
<errors>
</errors>
</robot>
